[2025-08-17T09:05:40.082+0000] {local_task_job_runner.py:120} INFO - ::group::Pre task execution logs
[2025-08-17T09:05:40.117+0000] {taskinstance.py:2076} INFO - Dependencies all met for dep_context=non-requeueable deps ti=<TaskInstance: dbt_pipeline.dbt_run manual__2025-08-17T09:05:38.896658+00:00 [queued]>
[2025-08-17T09:05:40.124+0000] {taskinstance.py:2076} INFO - Dependencies all met for dep_context=requeueable deps ti=<TaskInstance: dbt_pipeline.dbt_run manual__2025-08-17T09:05:38.896658+00:00 [queued]>
[2025-08-17T09:05:40.126+0000] {taskinstance.py:2306} INFO - Starting attempt 1 of 1
[2025-08-17T09:05:40.138+0000] {taskinstance.py:2330} INFO - Executing <Task(BashOperator): dbt_run> on 2025-08-17 09:05:38.896658+00:00
[2025-08-17T09:05:40.142+0000] {standard_task_runner.py:64} INFO - Started process 495 to run task
[2025-08-17T09:05:40.145+0000] {standard_task_runner.py:90} INFO - Running: ['airflow', 'tasks', 'run', 'dbt_pipeline', 'dbt_run', 'manual__2025-08-17T09:05:38.896658+00:00', '--job-id', '5', '--raw', '--subdir', 'DAGS_FOLDER/dbt_dag.py', '--cfg-path', '/tmp/tmpn147_bpd']
[2025-08-17T09:05:40.147+0000] {standard_task_runner.py:91} INFO - Job 5: Subtask dbt_run
[2025-08-17T09:05:40.199+0000] {task_command.py:426} INFO - Running <TaskInstance: dbt_pipeline.dbt_run manual__2025-08-17T09:05:38.896658+00:00 [running]> on host eb1b0a67a168
[2025-08-17T09:05:40.268+0000] {taskinstance.py:2648} INFO - Exporting env vars: AIRFLOW_CTX_DAG_OWNER='airflow' AIRFLOW_CTX_DAG_ID='dbt_pipeline' AIRFLOW_CTX_TASK_ID='dbt_run' AIRFLOW_CTX_EXECUTION_DATE='2025-08-17T09:05:38.896658+00:00' AIRFLOW_CTX_TRY_NUMBER='1' AIRFLOW_CTX_DAG_RUN_ID='manual__2025-08-17T09:05:38.896658+00:00'
[2025-08-17T09:05:40.269+0000] {taskinstance.py:430} INFO - ::endgroup::
[2025-08-17T09:05:40.279+0000] {subprocess.py:63} INFO - Tmp dir root location: /tmp
[2025-08-17T09:05:40.280+0000] {subprocess.py:75} INFO - Running command: ['/usr/bin/bash', '-c', 'cd /Users/ahmedwael/Documents/piplines/my_dbt_project && dbt run --profiles-dir /Users/ahmedwael/.dbt']
[2025-08-17T09:05:40.285+0000] {subprocess.py:86} INFO - Output:
[2025-08-17T09:05:40.288+0000] {subprocess.py:93} INFO - /usr/bin/bash: line 1: cd: /Users/ahmedwael/Documents/piplines/my_dbt_project: No such file or directory
[2025-08-17T09:05:40.288+0000] {subprocess.py:97} INFO - Command exited with return code 1
[2025-08-17T09:05:40.289+0000] {taskinstance.py:441} INFO - ::group::Post task execution logs
[2025-08-17T09:05:40.300+0000] {taskinstance.py:2905} ERROR - Task failed with exception
Traceback (most recent call last):
  File "/home/airflow/.local/lib/python3.9/site-packages/airflow/models/taskinstance.py", line 465, in _execute_task
    result = _execute_callable(context=context, **execute_callable_kwargs)
  File "/home/airflow/.local/lib/python3.9/site-packages/airflow/models/taskinstance.py", line 432, in _execute_callable
    return execute_callable(context=context, **execute_callable_kwargs)
  File "/home/airflow/.local/lib/python3.9/site-packages/airflow/models/baseoperator.py", line 401, in wrapper
    return func(self, *args, **kwargs)
  File "/home/airflow/.local/lib/python3.9/site-packages/airflow/operators/bash.py", line 243, in execute
    raise AirflowException(
airflow.exceptions.AirflowException: Bash command failed. The command returned a non-zero exit code 1.
[2025-08-17T09:05:40.304+0000] {taskinstance.py:1206} INFO - Marking task as FAILED. dag_id=dbt_pipeline, task_id=dbt_run, run_id=manual__2025-08-17T09:05:38.896658+00:00, execution_date=20250817T090538, start_date=20250817T090540, end_date=20250817T090540
[2025-08-17T09:05:40.312+0000] {standard_task_runner.py:110} ERROR - Failed to execute job 5 for task dbt_run (Bash command failed. The command returned a non-zero exit code 1.; 495)
[2025-08-17T09:05:40.327+0000] {local_task_job_runner.py:243} INFO - Task exited with return code 1
[2025-08-17T09:05:40.344+0000] {taskinstance.py:3503} INFO - 0 downstream tasks scheduled from follow-on schedule check
[2025-08-17T09:05:40.346+0000] {local_task_job_runner.py:222} INFO - ::endgroup::
