[2025-08-18T07:24:44.441+0000] {local_task_job_runner.py:120} INFO - ::group::Pre task execution logs
[2025-08-18T07:24:44.481+0000] {taskinstance.py:2076} INFO - Dependencies all met for dep_context=non-requeueable deps ti=<TaskInstance: dbt_pipeline.dbt_run manual__2025-08-18T07:24:43.413299+00:00 [queued]>
[2025-08-18T07:24:44.487+0000] {taskinstance.py:2076} INFO - Dependencies all met for dep_context=requeueable deps ti=<TaskInstance: dbt_pipeline.dbt_run manual__2025-08-18T07:24:43.413299+00:00 [queued]>
[2025-08-18T07:24:44.487+0000] {taskinstance.py:2306} INFO - Starting attempt 1 of 1
[2025-08-18T07:24:44.496+0000] {taskinstance.py:2330} INFO - Executing <Task(BashOperator): dbt_run> on 2025-08-18 07:24:43.413299+00:00
[2025-08-18T07:24:44.502+0000] {standard_task_runner.py:64} INFO - Started process 275 to run task
[2025-08-18T07:24:44.506+0000] {standard_task_runner.py:90} INFO - Running: ['airflow', 'tasks', 'run', 'dbt_pipeline', 'dbt_run', 'manual__2025-08-18T07:24:43.413299+00:00', '--job-id', '18', '--raw', '--subdir', 'DAGS_FOLDER/dbt_dag.py', '--cfg-path', '/tmp/tmpqm_119j_']
[2025-08-18T07:24:44.508+0000] {standard_task_runner.py:91} INFO - Job 18: Subtask dbt_run
[2025-08-18T07:24:44.569+0000] {task_command.py:426} INFO - Running <TaskInstance: dbt_pipeline.dbt_run manual__2025-08-18T07:24:43.413299+00:00 [running]> on host 9115d8d73e82
[2025-08-18T07:24:44.638+0000] {taskinstance.py:2648} INFO - Exporting env vars: AIRFLOW_CTX_DAG_OWNER='airflow' AIRFLOW_CTX_DAG_ID='dbt_pipeline' AIRFLOW_CTX_TASK_ID='dbt_run' AIRFLOW_CTX_EXECUTION_DATE='2025-08-18T07:24:43.413299+00:00' AIRFLOW_CTX_TRY_NUMBER='1' AIRFLOW_CTX_DAG_RUN_ID='manual__2025-08-18T07:24:43.413299+00:00'
[2025-08-18T07:24:44.639+0000] {taskinstance.py:430} INFO - ::endgroup::
[2025-08-18T07:24:44.651+0000] {subprocess.py:63} INFO - Tmp dir root location: /tmp
[2025-08-18T07:24:44.652+0000] {subprocess.py:75} INFO - Running command: ['/usr/bin/bash', '-c', 'cd /opt/airflow/my_dbt_project/my_dbt_project && dbt run']
[2025-08-18T07:24:44.658+0000] {subprocess.py:86} INFO - Output:
[2025-08-18T07:24:46.493+0000] {subprocess.py:93} INFO - [0m07:24:46  Running with dbt=1.10.9
[2025-08-18T07:24:46.768+0000] {subprocess.py:93} INFO - [0m07:24:46  Registered adapter: postgres=1.9.0
[2025-08-18T07:24:46.965+0000] {subprocess.py:93} INFO - [0m07:24:46  Unable to do partial parsing because profile has changed
[2025-08-18T07:24:47.988+0000] {subprocess.py:93} INFO - [0m07:24:47  [[33mWARNING[0m]: Did not find matching node for patch with name 'dim_customers' in the 'models' section of file 'tests/test.yml'
[2025-08-18T07:24:47.990+0000] {subprocess.py:93} INFO - [0m07:24:47  [[33mWARNING[0m]: Did not find matching node for patch with name 'dim_products' in the 'models' section of file 'tests/test.yml'
[2025-08-18T07:24:48.090+0000] {subprocess.py:93} INFO - [0m07:24:48  [[33mWARNING[0m]: Test 'test.my_dbt_project.not_null_dim_customers_customer_id.dd91cd1c8d' (tests/test.yml) depends on a node named 'dim_customers' in package '' which was not found
[2025-08-18T07:24:48.091+0000] {subprocess.py:93} INFO - [0m07:24:48  [[33mWARNING[0m]: Test 'test.my_dbt_project.unique_dim_customers_customer_id.15c9f1e2fd' (tests/test.yml) depends on a node named 'dim_customers' in package '' which was not found
[2025-08-18T07:24:48.092+0000] {subprocess.py:93} INFO - [0m07:24:48  [[33mWARNING[0m]: Test 'test.my_dbt_project.not_null_dim_products_product_id.c8aba288d1' (tests/test.yml) depends on a node named 'dim_products' in package '' which was not found
[2025-08-18T07:24:48.092+0000] {subprocess.py:93} INFO - [0m07:24:48  [[33mWARNING[0m]: Test 'test.my_dbt_project.unique_dim_products_product_id.ef7b2a9985' (tests/test.yml) depends on a node named 'dim_products' in package '' which was not found
[2025-08-18T07:24:48.335+0000] {subprocess.py:93} INFO - [0m07:24:48  Found 4 models, 1 seed, 7 data tests, 1 source, 434 macros
[2025-08-18T07:24:48.338+0000] {subprocess.py:93} INFO - [0m07:24:48
[2025-08-18T07:24:48.339+0000] {subprocess.py:93} INFO - [0m07:24:48  Concurrency: 4 threads (target='dev')
[2025-08-18T07:24:48.339+0000] {subprocess.py:93} INFO - [0m07:24:48
[2025-08-18T07:24:48.482+0000] {subprocess.py:93} INFO - [0m07:24:48  1 of 4 START sql view model pipline_staging.stg_orders ......................... [RUN]
[2025-08-18T07:24:48.580+0000] {subprocess.py:93} INFO - [0m07:24:48  1 of 4 OK created sql view model pipline_staging.stg_orders .................... [[32mCREATE VIEW[0m in 0.10s]
[2025-08-18T07:24:48.583+0000] {subprocess.py:93} INFO - [0m07:24:48  2 of 4 START sql table model pipline_analytics.dim_customer .................... [RUN]
[2025-08-18T07:24:48.584+0000] {subprocess.py:93} INFO - [0m07:24:48  3 of 4 START sql table model pipline_analytics.dim_product ..................... [RUN]
[2025-08-18T07:24:48.585+0000] {subprocess.py:93} INFO - [0m07:24:48  4 of 4 START sql table model pipline_analytics.fact_sales ...................... [RUN]
[2025-08-18T07:24:48.789+0000] {subprocess.py:93} INFO - [0m07:24:48  2 of 4 OK created sql table model pipline_analytics.dim_customer ............... [[32mSELECT 9800[0m in 0.20s]
[2025-08-18T07:24:48.790+0000] {subprocess.py:93} INFO - [0m07:24:48  3 of 4 OK created sql table model pipline_analytics.dim_product ................ [[32mSELECT 1893[0m in 0.20s]
[2025-08-18T07:24:48.791+0000] {subprocess.py:93} INFO - [0m07:24:48  4 of 4 OK created sql table model pipline_analytics.fact_sales ................. [[32mSELECT 9800[0m in 0.20s]
[2025-08-18T07:24:48.805+0000] {subprocess.py:93} INFO - [0m07:24:48
[2025-08-18T07:24:48.806+0000] {subprocess.py:93} INFO - [0m07:24:48  Finished running 3 table models, 1 view model in 0 hours 0 minutes and 0.47 seconds (0.47s).
[2025-08-18T07:24:48.844+0000] {subprocess.py:93} INFO - [0m07:24:48
[2025-08-18T07:24:48.845+0000] {subprocess.py:93} INFO - [0m07:24:48  [32mCompleted successfully[0m
[2025-08-18T07:24:48.845+0000] {subprocess.py:93} INFO - [0m07:24:48
[2025-08-18T07:24:48.846+0000] {subprocess.py:93} INFO - [0m07:24:48  Done. PASS=4 WARN=0 ERROR=0 SKIP=0 NO-OP=0 TOTAL=4
[2025-08-18T07:24:49.841+0000] {subprocess.py:97} INFO - Command exited with return code 0
[2025-08-18T07:24:49.842+0000] {taskinstance.py:441} INFO - ::group::Post task execution logs
[2025-08-18T07:24:49.862+0000] {taskinstance.py:1206} INFO - Marking task as SUCCESS. dag_id=dbt_pipeline, task_id=dbt_run, run_id=manual__2025-08-18T07:24:43.413299+00:00, execution_date=20250818T072443, start_date=20250818T072444, end_date=20250818T072449
[2025-08-18T07:24:49.874+0000] {local_task_job_runner.py:243} INFO - Task exited with return code 0
[2025-08-18T07:24:49.889+0000] {taskinstance.py:3503} INFO - 1 downstream tasks scheduled from follow-on schedule check
[2025-08-18T07:24:49.890+0000] {local_task_job_runner.py:222} INFO - ::endgroup::
